
=== Sat Nov  2 17:32:04 2024

Packages were changed.
Update Mode: updateDependencies

The following packages were updated:
  com.unity.cinemachine from version 2.9.7 to 2.10.1
  com.unity.collab-proxy from version 2.0.5 to 2.5.1
  com.unity.textmeshpro from version 3.0.6 to 3.0.7
  com.unity.timeline from version 1.7.5 to 1.7.6
  com.unity.visualscripting from version 1.8.0 to 1.9.4

=== Sat Nov  2 18:13:39 2024

Packages were changed.
Update Mode: updateDependencies

The following packages were updated:
  com.unity.2d.animation from version 4.2.5 to 9.1.2
  com.unity.2d.pixel-perfect from version 3.0.2 to 5.0.3
  com.unity.2d.psdimporter from version 3.1.5 to 8.0.5
  com.unity.2d.spriteshape from version 4.1.3 to 9.0.4
  com.unity.collab-proxy from version 1.3.9 to 2.5.1
  com.unity.ide.rider from version 1.2.1 to 3.0.31
  com.unity.ide.visualstudio from version 2.0.2 to 2.0.22
  com.unity.ide.vscode from version 1.2.1 to 1.2.5
  com.unity.test-framework from version 1.1.16 to 1.1.33
  com.unity.textmeshpro from version 3.0.1 to 3.0.7
  com.unity.timeline from version 1.3.4 to 1.7.6

=== Sat Nov  2 18:13:39 2024

Packages were changed.
Update Mode: mergeDefaultDependencies

The following packages were added:
  com.unity.2d.animation@9.1.2
  com.unity.2d.pixel-perfect@5.0.3
  com.unity.2d.psdimporter@8.0.5
  com.unity.2d.sprite@1.0.0
  com.unity.2d.spriteshape@9.0.4
  com.unity.2d.tilemap@1.0.0
  com.unity.ide.rider@3.0.31
  com.unity.ide.visualstudio@2.0.22
  com.unity.ide.vscode@1.2.5
  com.unity.test-framework@1.1.33
